"QUERY PLAN"
"Limit  (cost=12.35..12.36 rows=1 width=452) (actual time=0.051..0.052 rows=0 loops=1)"
"  ->  Sort  (cost=12.35..12.36 rows=1 width=452) (actual time=0.050..0.051 rows=0 loops=1)"
"        Sort Key: (count(r.rental_id)) DESC, (max(r.rental_date)) DESC"
"        Sort Method: quicksort  Memory: 25kB"
"        ->  GroupAggregate  (cost=12.32..12.34 rows=1 width=452) (actual time=0.044..0.045 rows=0 loops=1)"
"              Group Key: c.customer_id"
"              ->  Sort  (cost=12.32..12.32 rows=1 width=448) (actual time=0.043..0.043 rows=0 loops=1)"
"                    Sort Key: c.customer_id"
"                    Sort Method: quicksort  Memory: 25kB"
"                    ->  Nested Loop  (cost=0.14..12.31 rows=1 width=448) (actual time=0.028..0.029 rows=0 loops=1)"
"                          Join Filter: (m.movie_id = r.movie_id)"
"                          ->  Nested Loop  (cost=0.14..9.92 rows=1 width=452) (actual time=0.028..0.028 rows=0 loops=1)"
"                                ->  Seq Scan on rentals r  (cost=0.00..1.45 rows=1 width=16) (actual time=0.027..0.027 rows=0 loops=1)"
"                                      Filter: ((rental_date >= '2024-01-01'::date) AND (rental_date <= '2024-01-31'::date))"
"                                      Rows Removed by Filter: 30"
"                                ->  Index Scan using customers_pkey on customers c  (cost=0.14..8.16 rows=1 width=440) (never executed)"
"                                      Index Cond: (customer_id = r.customer_id)"
"                          ->  Seq Scan on movies m  (cost=0.00..2.38 rows=1 width=4) (never executed)"
"                                Filter: ((genre)::text = 'Action'::text)"
"Planning Time: 4.743 ms"
"Execution Time: 0.156 ms"
