"QUERY PLAN"
"Limit  (cost=51.09..51.09 rows=1 width=964) (actual time=0.214..0.216 rows=5 loops=1)"
"  ->  Sort  (cost=51.09..51.09 rows=1 width=964) (actual time=0.213..0.214 rows=5 loops=1)"
"        Sort Key: (count(rental.rental_id)) DESC, (max(rental.rental_date)) DESC"
"        Sort Method: quicksort  Memory: 25kB"
"        ->  GroupAggregate  (cost=51.05..51.08 rows=1 width=964) (actual time=0.187..0.192 rows=5 loops=1)"
"              Group Key: customer.first_name, customer.last_name, movie.title"
"              ->  Sort  (cost=51.05..51.06 rows=1 width=960) (actual time=0.181..0.182 rows=5 loops=1)"
"                    Sort Key: customer.first_name, customer.last_name, movie.title"
"                    Sort Method: quicksort  Memory: 25kB"
"                    ->  Nested Loop  (cost=0.14..51.04 rows=1 width=960) (actual time=0.076..0.141 rows=5 loops=1)"
"                          ->  Nested Loop  (cost=0.00..46.73 rows=1 width=528) (actual time=0.057..0.111 rows=5 loops=1)"
"                                Join Filter: (movie.movie_id = rental.movie_id)"
"                                Rows Removed by Join Filter: 145"
"                                ->  Seq Scan on movies movie  (cost=0.00..11.12 rows=1 width=520) (actual time=0.041..0.048 rows=5 loops=1)"
"                                      Filter: ((genre)::text = 'Action'::text)"
"                                      Rows Removed by Filter: 25"
"                                ->  Seq Scan on rentals rental  (cost=0.00..35.50 rows=8 width=16) (actual time=0.003..0.007 rows=30 loops=5)"
"                                      Filter: ((rental_date >= '2021-01-01'::date) AND (rental_date <= '2022-12-31'::date))"
"                          ->  Index Scan using customers_pkey on customers customer  (cost=0.14..4.16 rows=1 width=440) (actual time=0.005..0.005 rows=1 loops=5)"
"                                Index Cond: (customer_id = rental.customer_id)"
"Planning Time: 0.875 ms"
"Execution Time: 0.308 ms"
