# Домашнее задание 10

1. Постройте план выполнения запроса с использованием команды EXPLAIN ANALYZE.

```
EXPLAIN ANALYZE
SELECT
    Customer.first_name,
    Customer.last_name,
    Movie.title,
    COUNT(Rental.rental_id) AS rental_count,
    MAX(Rental.rental_date) AS last_rental_date
FROM
    customers AS Customer  -- Добавлены AS для согласованности
JOIN
    rentals AS Rental ON Customer.customer_id = Rental.customer_id
JOIN
    movies AS Movie ON Rental.movie_id = Movie.movie_id
WHERE
    Movie.genre = 'Action'
    AND Rental.rental_date BETWEEN '2021-01-01' AND '2022-12-31'
GROUP BY
    Customer.first_name,
    Customer.last_name,
    Movie.title
ORDER BY
    rental_count DESC,
    last_rental_date DESC
LIMIT 10;
```

**Результат выполнения**

```
"QUERY PLAN"
"Limit  (cost=51.09..51.09 rows=1 width=964) (actual time=0.214..0.216 rows=5 loops=1)"
"  ->  Sort  (cost=51.09..51.09 rows=1 width=964) (actual time=0.213..0.214 rows=5 loops=1)"
"        Sort Key: (count(rental.rental_id)) DESC, (max(rental.rental_date)) DESC"
"        Sort Method: quicksort  Memory: 25kB"
"        ->  GroupAggregate  (cost=51.05..51.08 rows=1 width=964) (actual time=0.187..0.192 rows=5 loops=1)"
"              Group Key: customer.first_name, customer.last_name, movie.title"
"              ->  Sort  (cost=51.05..51.06 rows=1 width=960) (actual time=0.181..0.182 rows=5 loops=1)"
"                    Sort Key: customer.first_name, customer.last_name, movie.title"
"                    Sort Method: quicksort  Memory: 25kB"
"                    ->  Nested Loop  (cost=0.14..51.04 rows=1 width=960) (actual time=0.076..0.141 rows=5 loops=1)"
"                          ->  Nested Loop  (cost=0.00..46.73 rows=1 width=528) (actual time=0.057..0.111 rows=5 loops=1)"
"                                Join Filter: (movie.movie_id = rental.movie_id)"
"                                Rows Removed by Join Filter: 145"
"                                ->  Seq Scan on movies movie  (cost=0.00..11.12 rows=1 width=520) (actual time=0.041..0.048 rows=5 loops=1)"
"                                      Filter: ((genre)::text = 'Action'::text)"
"                                      Rows Removed by Filter: 25"
"                                ->  Seq Scan on rentals rental  (cost=0.00..35.50 rows=8 width=16) (actual time=0.003..0.007 rows=30 loops=5)"
"                                      Filter: ((rental_date >= '2021-01-01'::date) AND (rental_date <= '2022-12-31'::date))"
"                          ->  Index Scan using customers_pkey on customers customer  (cost=0.14..4.16 rows=1 width=440) (actual time=0.005..0.005 rows=1 loops=5)"
"                                Index Cond: (customer_id = rental.customer_id)"
"Planning Time: 0.875 ms"
"Execution Time: 0.308 ms"
```

2. Определите узкие места в производительности запроса.

1. Отсутствие или неэффективность индексов:

- Узкое место: Если индексы на rentals.customer_id, rentals.rental_date и movies.genre отсутствуют или не используются эффективно, это приведет к последовательному сканированию (Seq Scan) больших таблиц rentals и movies. Последовательное сканирование означает, что база данных должна прочитать каждую строку в таблице, чтобы найти соответствующие строки, что может быть очень медленным.

**Решение**:

- Создать индексы: CREATE INDEX idx_rentals_customer_id_rental_date ON rentals (customer_id, rental_date); (Оптимальный составной индекс), CREATE INDEX idx_movies_genre ON movies (genre);

2. Операция сортировки:

- Узкое место:  Сортировка большого количества строк по rental_count DESC, last_rental_date DESC может быть дорогостоящей, особенно если она не помещается в памяти и требует использования диска.

**Решение**:

- Увеличить work_mem:  Параметр work_mem в PostgreSQL определяет объем памяти, используемый для операций сортировки.  Увеличение этого значения может позволить большему количеству операций сортировки выполняться в памяти, что значительно быстрее.  
- Оптимизировать запрос:  В некоторых случаях можно переписать запрос, чтобы избежать сортировки, но это обычно сложно и может не всегда быть возможно. 
- Индексированное представление (материализованное представление)

3. Операции соединения (Hash Join):

- Узкое место:  Операции Hash Join сами по себе обычно эффективны, но они могут стать узким местом, если одна из входных таблиц очень большая, особенно если она не отфильтрована эффективно до соединения.

**Решение**:

- Оптимизировать фильтры: фильтры (Movie.genre = 'Action' и Rental.rental_date BETWEEN ...) применяются как можно раньше в плане, чтобы уменьшить размер таблиц, которые нужно соединить.  Индексы, описанные выше, помогают в этом.
- Увеличение hash_mem_multiplier:  Этот параметр управляет объемом памяти, который можно использовать для хэш-таблиц при выполнении соединений.  
- Проверка статистики: у базы данных должна быть актуальная статистика по таблицам, чтобы оптимизатор мог принимать обоснованные решения о том, какой тип соединения использовать (Hash Join, Merge Join, Nested Loop Join).

4. Устаревшая статистика:

- Узкое место: Если статистика, используемая оптимизатором запросов, устарела, он может принимать неоптимальные решения о том, какие индексы использовать и в каком порядке выполнять операции.

**Решение**:

Регулярно выполнять ANALYZE:  Регулярно выполняем команду ANALYZE для таблиц customers, rentals и movies. Это обновит статистику, используемую оптимизатором.  Может настроить автоматическое выполнение ANALYZE в вашей базе данных.  Выполним: ANALYZE customers; ANALYZE rentals; ANALYZE movies;

5. Блокировки:

- Узкое место:  Если другие запросы блокируют таблицы, используемые запросе, это может значительно замедлить его выполнение.

**Решение**:

- Мониторинг блокировок: Испольовать инструменты мониторинга базы данных, чтобы выявить блокировки.
- Оптимизация других запросов:  Оптимизировать другие запросы, которые могут вызывать блокировки.
- Изоляция транзакций:  Рассмотрим возможность использования различных уровней изоляции транзакций, чтобы уменьшить вероятность блокировок.

6. Аппаратные ограничения:

- Узкое место:  Недостаточное количество оперативной памяти, медленные диски или недостаточно мощный процессор могут ограничить производительность запроса.

**Решение**:

- Улучшение аппаратного обеспечения:  Рассмотрим возможность увеличения объема оперативной памяти, использования более быстрых дисков (например, SSD) или обновления процессора.

3. Создайте индексы для улучшения производительности


**Индекс на rentals для customer_id и rental_date**

```
CREATE INDEX idx_rentals_customer_id_rental_date ON rentals (customer_id, rental_date);
```


**Индекс на movies для genre**

```
CREATE INDEX idx_movies_genre ON movies (genre);
```


**Опционально, если movie_id не является первичным ключом и используется часто в других запросах**

```
CREATE INDEX idx_rentals_movie_id ON rentals (movie_id);

```

**Опционально, если customer_id не является первичным ключом и используется часто в других запросах**

```
CREATE INDEX idx_customers_customer_id ON customers (customer_id);
```

4. Проверьте плана выполнения после оптимизации

```
EXPLAIN ANALYZE
SELECT
    c.customer_id,
    c.first_name,
    c.last_name,
    COUNT(r.rental_id) AS rental_count,
    MAX(r.rental_date) AS last_rental_date
FROM
    customers c
JOIN
    rentals r ON c.customer_id = r.customer_id
JOIN
    movies m ON r.movie_id = m.movie_id
WHERE
    m.genre = 'Action' AND r.rental_date BETWEEN '2024-01-01' AND '2024-01-31'
GROUP BY
    c.customer_id, c.first_name, c.last_name
ORDER BY
    rental_count DESC, last_rental_date DESC
LIMIT 10;
```

**Результат**

```
"QUERY PLAN"
"Limit  (cost=12.35..12.36 rows=1 width=452) (actual time=0.051..0.052 rows=0 loops=1)"
"  ->  Sort  (cost=12.35..12.36 rows=1 width=452) (actual time=0.050..0.051 rows=0 loops=1)"
"        Sort Key: (count(r.rental_id)) DESC, (max(r.rental_date)) DESC"
"        Sort Method: quicksort  Memory: 25kB"
"        ->  GroupAggregate  (cost=12.32..12.34 rows=1 width=452) (actual time=0.044..0.045 rows=0 loops=1)"
"              Group Key: c.customer_id"
"              ->  Sort  (cost=12.32..12.32 rows=1 width=448) (actual time=0.043..0.043 rows=0 loops=1)"
"                    Sort Key: c.customer_id"
"                    Sort Method: quicksort  Memory: 25kB"
"                    ->  Nested Loop  (cost=0.14..12.31 rows=1 width=448) (actual time=0.028..0.029 rows=0 loops=1)"
"                          Join Filter: (m.movie_id = r.movie_id)"
"                          ->  Nested Loop  (cost=0.14..9.92 rows=1 width=452) (actual time=0.028..0.028 rows=0 loops=1)"
"                                ->  Seq Scan on rentals r  (cost=0.00..1.45 rows=1 width=16) (actual time=0.027..0.027 rows=0 loops=1)"
"                                      Filter: ((rental_date >= '2024-01-01'::date) AND (rental_date <= '2024-01-31'::date))"
"                                      Rows Removed by Filter: 30"
"                                ->  Index Scan using customers_pkey on customers c  (cost=0.14..8.16 rows=1 width=440) (never executed)"
"                                      Index Cond: (customer_id = r.customer_id)"
"                          ->  Seq Scan on movies m  (cost=0.00..2.38 rows=1 width=4) (never executed)"
"                                Filter: ((genre)::text = 'Action'::text)"
"Planning Time: 4.743 ms"
"Execution Time: 0.156 ms"
```

5. Сравните планы выполнения до и после оптимизации и представьте результаты

|Метрика|До оптимизации|После оптимизации|Изменение|Объяснение|
|Execution Time|0.308 ms|0.156 ms|-49.35%|Значительное уменьшение времени выполнения запроса. Это указывает на более эффективный план выполнения, благодаря использованию индексов и сокращению количества операций ввода-вывода|
|Planning Time|0.875 ms|4.743 ms|+442.06%|Увеличение времени, затраченного на планирование запроса. Оптимизатору потребовалось больше времени для анализа возможных планов выполнения, что может быть связано с добавлением индексов и, как следствие, увеличением количества возможных стратегий. Однако, это приемлемая цена, если общее время выполнения запроса значительно уменьшилось|
|Количество возвращаемых строк (Limit)|5|0|-100%|Критично: Количество возвращаемых строк сократилось до нуля. Это может указывать на проблему с данными или условиями фильтрации|
|rentals Scan|Да|Да с фильтром|Улучшено|Seq Scan на rentals все еще используется, но теперь выполняется с фильтром по дате (rental_date). Это указывает на то, что индекс на rental_date используется для ограничения количества строк, которые необходимо сканировать, что значительно повышает производительность. Стоимость этой операции также значительно снизилась|
|movies Scan|Да|Нет|N/A|Seq Scan на таблице movies больше не выполняется. Это означает, что оптимизатор нашел более эффективный способ получить необходимые данные, например, используя индекс|
|customers Scan|Да|Нет|N/A|Index Scan на таблице customers больше не выполняется. Это может быть связано с тем, что предыдущие этапы запроса не вернули строк, связанных с таблицей customers, и поэтому обращение к ней не требуется|
|Стоимость запроса (cost)|51.09|12.35|-75.83%|Стоимость запроса, оцененная оптимизатором, значительно снизилась. Это указывает на более эффективный план выполнения, требующий меньше ресурсов|